<?xml version="1.0" encoding="UTF-8"?>
<!-- Generated by org.testng.reporters.JUnitReportReporter -->
<testsuite hostname="MilanThakkar" failures="0" tests="3" name="tests.GmailLoginTest" time="21.017" errors="0" timestamp="2022-03-10T18:04:53 EST" skipped="0">
  <testcase classname="tests.GmailLoginTest" name="blankEmailTest" time="7.865"/>
  <testcase classname="tests.GmailLoginTest" name="wrongEmailTest" time="6.391"/>
  <testcase classname="tests.GmailLoginTest" name="specialCharEmailTest" time="6.761"/>
</testsuite> <!-- tests.GmailLoginTest -->
